<?xml version="1.0" encoding="UTF-8"?>
<!-- Generated by org.testng.reporters.JUnitXMLReporter -->
<testsuite ignored="4" hostname="KBlue" failures="1" tests="2" name="Default test" time="78.014" errors="0" timestamp="2020-08-22T01:31:05 IST">
  <testcase classname="com.pearson.test.LoginTest" name="verifyCountOfLanguageDropDown" time="21.023"/>
  <testcase classname="com.pearson.test.LoginTest" name="verifySelectLanguageFunctionality" time="50.66">
    <failure type="java.lang.AssertionError" message="The following asserts failed:
	[Hindi locale] &amp;apos;Continue&amp;apos; button text mismatched. expected [à¤…à¤—à¥�à¤°à¤¸à¤° à¤°à¤¹à¥‡à¤‚] but found [CONTINUE],
	[Espanol locale] &amp;apos;Continue&amp;apos; button text mismatched. expected [CONTINUAR] but found [CONTINUE]">
      <![CDATA[java.lang.AssertionError: The following asserts failed:
[Hindi locale] 'Continue' button text mismatched. expected [à¤…à¤—à¥�à¤°à¤¸à¤° à¤°à¤¹à¥‡à¤‚] but found [CONTINUE],
[Espanol locale] 'Continue' button text mismatched. expected [CONTINUAR] but found [CONTINUE]
at org.testng.asserts.SoftAssert.assertAll(SoftAssert.java:47)
at org.testng.asserts.SoftAssert.assertAll(SoftAssert.java:31)
at com.pearson.pages.Login.verifySelectLanguageFunctionality(Login.java:53)
at com.pearson.test.LoginTest.verifySelectLanguageFunctionality(LoginTest.java:23)
at java.base/jdk.internal.reflect.NativeMethodAccessorImpl.invoke0(Native Method)
at java.base/jdk.internal.reflect.NativeMethodAccessorImpl.invoke(NativeMethodAccessorImpl.java:62)
at java.base/jdk.internal.reflect.DelegatingMethodAccessorImpl.invoke(DelegatingMethodAccessorImpl.java:43)
at java.base/java.lang.reflect.Method.invoke(Method.java:566)
at org.testng.internal.MethodInvocationHelper.invokeMethod(MethodInvocationHelper.java:134)
at org.testng.internal.TestInvoker.invokeMethod(TestInvoker.java:597)
at org.testng.internal.TestInvoker.invokeTestMethod(TestInvoker.java:173)
at org.testng.internal.MethodRunner.runInSequence(MethodRunner.java:46)
at org.testng.internal.TestInvoker$MethodInvocationAgent.invoke(TestInvoker.java:816)
at org.testng.internal.TestInvoker.invokeTestMethods(TestInvoker.java:146)
at org.testng.internal.TestMethodWorker.invokeTestMethods(TestMethodWorker.java:146)
at org.testng.internal.TestMethodWorker.run(TestMethodWorker.java:128)
at java.base/java.util.ArrayList.forEach(ArrayList.java:1540)
at org.testng.TestRunner.privateRun(TestRunner.java:766)
at org.testng.TestRunner.run(TestRunner.java:587)
at org.testng.SuiteRunner.runTest(SuiteRunner.java:384)
at org.testng.SuiteRunner.runSequentially(SuiteRunner.java:378)
at org.testng.SuiteRunner.privateRun(SuiteRunner.java:337)
at org.testng.SuiteRunner.run(SuiteRunner.java:286)
at org.testng.SuiteRunnerWorker.runSuite(SuiteRunnerWorker.java:53)
at org.testng.SuiteRunnerWorker.run(SuiteRunnerWorker.java:96)
at org.testng.TestNG.runSuitesSequentially(TestNG.java:1187)
at org.testng.TestNG.runSuitesLocally(TestNG.java:1109)
at org.testng.TestNG.runSuites(TestNG.java:1039)
at org.testng.TestNG.run(TestNG.java:1007)
at org.testng.remote.AbstractRemoteTestNG.run(AbstractRemoteTestNG.java:115)
at org.testng.remote.RemoteTestNG.initAndRun(RemoteTestNG.java:251)
at org.testng.remote.RemoteTestNG.main(RemoteTestNG.java:77)
]]>
    </failure>
  </testcase> <!-- verifySelectLanguageFunctionality -->
  <testcase classname="com.pearson.test.TestBed" name="@AfterSuite driverCleanUp" time="0.0">
    <ignored/>
  </testcase> <!-- @AfterSuite driverCleanUp -->
  <testcase classname="com.pearson.test.TestBed" name="@AfterSuite driverCleanUp" time="0.0">
    <ignored/>
  </testcase> <!-- @AfterSuite driverCleanUp -->
  <testcase classname="com.pearson.test.TestBed" name="@BeforeTest prepareBeforeTest" time="0.0">
    <ignored/>
  </testcase> <!-- @BeforeTest prepareBeforeTest -->
  <testcase classname="com.pearson.test.TestBed" name="@BeforeTest prepareBeforeTest" time="0.0">
    <ignored/>
  </testcase> <!-- @BeforeTest prepareBeforeTest -->
</testsuite> <!-- Default test -->
